 garrett@GARRETTs-MBP  ~/workspace/CS5283/homework_four   main ● ? ⍟1  python ./client.py
[DEBUG] Sending SYN
[DEBUG] SEQ: 6 | ACK: 0
00000000000000000000000000000110 : seq_num = 6
00000000000000000000000000000000 : ack_num = 0
10000000000000000000000000000000 : syn = 1, ack = 0, fin = 0
States.CLOSED -> States.SYN_SENT
[DEBUG] Sending ACK
[DEBUG] SEQ: 7 | ACK: 4
00000000000000000000000000000111 : seq_num = 7
00000000000000000000000000000100 : ack_num = 4
01000000000000000000000000000000 : syn = 0, ack = 1, fin = 0
States.SYN_SENT -> States.ESTABLISHED
[DEBUG] Chunk size: 12
[DEBUG] Next SEQ: 8
[DEBUG] SEQ: 20
[DEBUG] Sending message: This message
[DEBUG] SEQ: 20 | ACK: 4
00000000000000000000000000010100 : seq_num = 20
00000000000000000000000000000100 : ack_num = 4
00000000000000000000000000000000 : syn = 0, ack = 0, fin = 0
[DEBUG] Chunk size: 12
[DEBUG] Next SEQ: 8
[DEBUG] SEQ: 20
[DEBUG] Sending message: This message
[DEBUG] SEQ: 20 | ACK: 4
00000000000000000000000000010100 : seq_num = 20
00000000000000000000000000000100 : ack_num = 4
00000000000000000000000000000000 : syn = 0, ack = 0, fin = 0
[DEBUG] Chunk size: 12
[DEBUG] Next SEQ: 8
[DEBUG] SEQ: 20
[DEBUG] Sending message: This message
[DEBUG] SEQ: 20 | ACK: 4
00000000000000000000000000010100 : seq_num = 20
00000000000000000000000000000100 : ack_num = 4
00000000000000000000000000000000 : syn = 0, ack = 0, fin = 0
[DEBUG] Chunk size: 12
[DEBUG] Next SEQ: 8
[DEBUG] SEQ: 20
[DEBUG] Sending message: This message
[DEBUG] SEQ: 20 | ACK: 4
00000000000000000000000000010100 : seq_num = 20
00000000000000000000000000000100 : ack_num = 4
00000000000000000000000000000000 : syn = 0, ack = 0, fin = 0
[DEBUG] Chunk size: 12
[DEBUG] Next SEQ: 8
[DEBUG] SEQ: 20
[DEBUG] Sending message: This message
[DEBUG] SEQ: 20 | ACK: 4
00000000000000000000000000010100 : seq_num = 20
00000000000000000000000000000100 : ack_num = 4
00000000000000000000000000000000 : syn = 0, ack = 0, fin = 0
[DEBUG] Chunk size: 12
[DEBUG] Next SEQ: 20
[DEBUG] SEQ: 32
[DEBUG] Sending message:  is to be re
[DEBUG] SEQ: 32 | ACK: 5
00000000000000000000000000100000 : seq_num = 32
00000000000000000000000000000101 : ack_num = 5
00000000000000000000000000000000 : syn = 0, ack = 0, fin = 0
[DEBUG] Chunk size: 12
[DEBUG] Next SEQ: 20
[DEBUG] SEQ: 32
[DEBUG] Sending message:  is to be re
[DEBUG] SEQ: 32 | ACK: 5
00000000000000000000000000100000 : seq_num = 32
00000000000000000000000000000101 : ack_num = 5
00000000000000000000000000000000 : syn = 0, ack = 0, fin = 0
[DEBUG] Chunk size: 12
[DEBUG] Next SEQ: 32
[DEBUG] SEQ: 44
[DEBUG] Sending message: ceived in pi
[DEBUG] SEQ: 44 | ACK: 6
00000000000000000000000000101100 : seq_num = 44
00000000000000000000000000000110 : ack_num = 6
00000000000000000000000000000000 : syn = 0, ack = 0, fin = 0
[DEBUG] Chunk size: 12
[DEBUG] Next SEQ: 32
[DEBUG] SEQ: 44
[DEBUG] Sending message: ceived in pi
[DEBUG] SEQ: 44 | ACK: 6
00000000000000000000000000101100 : seq_num = 44
00000000000000000000000000000110 : ack_num = 6
00000000000000000000000000000000 : syn = 0, ack = 0, fin = 0
[DEBUG] Chunk size: 12
[DEBUG] Next SEQ: 32
[DEBUG] SEQ: 44
[DEBUG] Sending message: ceived in pi
[DEBUG] SEQ: 44 | ACK: 6
00000000000000000000000000101100 : seq_num = 44
00000000000000000000000000000110 : ack_num = 6
00000000000000000000000000000000 : syn = 0, ack = 0, fin = 0
[DEBUG] Chunk size: 12
[DEBUG] Next SEQ: 32
[DEBUG] SEQ: 44
[DEBUG] Sending message: ceived in pi
[DEBUG] SEQ: 44 | ACK: 6
00000000000000000000000000101100 : seq_num = 44
00000000000000000000000000000110 : ack_num = 6
00000000000000000000000000000000 : syn = 0, ack = 0, fin = 0
[DEBUG] Chunk size: 12
[DEBUG] Next SEQ: 32
[DEBUG] SEQ: 44
[DEBUG] Sending message: ceived in pi
[DEBUG] SEQ: 44 | ACK: 6
00000000000000000000000000101100 : seq_num = 44
00000000000000000000000000000110 : ack_num = 6
00000000000000000000000000000000 : syn = 0, ack = 0, fin = 0
[DEBUG] Chunk size: 12
[DEBUG] Next SEQ: 32
[DEBUG] SEQ: 44
[DEBUG] Sending message: ceived in pi
[DEBUG] SEQ: 44 | ACK: 6
00000000000000000000000000101100 : seq_num = 44
00000000000000000000000000000110 : ack_num = 6
00000000000000000000000000000000 : syn = 0, ack = 0, fin = 0
[DEBUG] Chunk size: 12
[DEBUG] Next SEQ: 32
[DEBUG] SEQ: 44
[DEBUG] Sending message: ceived in pi
[DEBUG] SEQ: 44 | ACK: 6
00000000000000000000000000101100 : seq_num = 44
00000000000000000000000000000110 : ack_num = 6
00000000000000000000000000000000 : syn = 0, ack = 0, fin = 0
[DEBUG] Chunk size: 12
[DEBUG] Next SEQ: 32
[DEBUG] SEQ: 44
[DEBUG] Sending message: ceived in pi
[DEBUG] SEQ: 44 | ACK: 6
00000000000000000000000000101100 : seq_num = 44
00000000000000000000000000000110 : ack_num = 6
00000000000000000000000000000000 : syn = 0, ack = 0, fin = 0
[DEBUG] Chunk size: 12
[DEBUG] Next SEQ: 32
[DEBUG] SEQ: 44
[DEBUG] Sending message: ceived in pi
[DEBUG] SEQ: 44 | ACK: 6
00000000000000000000000000101100 : seq_num = 44
00000000000000000000000000000110 : ack_num = 6
00000000000000000000000000000000 : syn = 0, ack = 0, fin = 0
[DEBUG] Chunk size: 12
[DEBUG] Next SEQ: 32
[DEBUG] SEQ: 44
[DEBUG] Sending message: ceived in pi
[DEBUG] SEQ: 44 | ACK: 6
00000000000000000000000000101100 : seq_num = 44
00000000000000000000000000000110 : ack_num = 6
00000000000000000000000000000000 : syn = 0, ack = 0, fin = 0
[DEBUG] Chunk size: 4
[DEBUG] Next SEQ: 44
[DEBUG] SEQ: 48
[DEBUG] Sending message: eces
[DEBUG] SEQ: 48 | ACK: 6
00000000000000000000000000110000 : seq_num = 48
00000000000000000000000000000110 : ack_num = 6
00000000000000000000000000000000 : syn = 0, ack = 0, fin = 0
[DEBUG] Chunk size: 4
[DEBUG] Next SEQ: 44
[DEBUG] SEQ: 48
[DEBUG] Sending message: eces
[DEBUG] SEQ: 48 | ACK: 6
00000000000000000000000000110000 : seq_num = 48
00000000000000000000000000000110 : ack_num = 6
00000000000000000000000000000000 : syn = 0, ack = 0, fin = 0
[DEBUG] Chunk size: 4
[DEBUG] Next SEQ: 44
[DEBUG] SEQ: 48
[DEBUG] Sending message: eces
[DEBUG] SEQ: 48 | ACK: 6
00000000000000000000000000110000 : seq_num = 48
00000000000000000000000000000110 : ack_num = 6
00000000000000000000000000000000 : syn = 0, ack = 0, fin = 0
[DEBUG] Chunk size: 4
[DEBUG] Next SEQ: 44
[DEBUG] SEQ: 48
[DEBUG] Sending message: eces
[DEBUG] SEQ: 48 | ACK: 7
00000000000000000000000000110000 : seq_num = 48
00000000000000000000000000000111 : ack_num = 7
00000000000000000000000000000000 : syn = 0, ack = 0, fin = 0
[DEBUG] Chunk size: 4
[DEBUG] Next SEQ: 44
[DEBUG] SEQ: 48
[DEBUG] Sending message: eces
[DEBUG] SEQ: 48 | ACK: 7
00000000000000000000000000110000 : seq_num = 48
00000000000000000000000000000111 : ack_num = 7
00000000000000000000000000000000 : syn = 0, ack = 0, fin = 0
[DEBUG] Chunk size: 4
[DEBUG] Next SEQ: 44
[DEBUG] SEQ: 48
[DEBUG] Sending message: eces
[DEBUG] SEQ: 48 | ACK: 7
00000000000000000000000000110000 : seq_num = 48
00000000000000000000000000000111 : ack_num = 7
00000000000000000000000000000000 : syn = 0, ack = 0, fin = 0
[DEBUG] Sending FIN
[DEBUG] SEQ: 48 | ACK: 6
00000000000000000000000000110000 : seq_num = 48
00000000000000000000000000000110 : ack_num = 6
10100000000000000000000000000000 : syn = 1, ack = 0, fin = 1
States.ESTABLISHED -> States.FIN_WAIT_1
States.FIN_WAIT_1 -> States.FIN_WAIT_2
[DEBUG] Sending FINACK
[DEBUG] SEQ: 49 | ACK: 7
00000000000000000000000000110001 : seq_num = 49
00000000000000000000000000000111 : ack_num = 7
01000000000000000000000000000000 : syn = 0, ack = 1, fin = 0
States.FIN_WAIT_2 -> States.TIME_WAIT
States.TIME_WAIT -> States.CLOSED
 garrett@GARRETTs-MBP  ~/workspace/CS5283/homework_four   main ● ? ⍟1  